0 verbose cli C:\Program Files\nodejs\node.exe C:\Program Files\nodejs\node_modules\npm\bin\npm-cli.js
1 info using npm@10.2.3
2 info using node@v20.10.0
3 timing npm:load:whichnode Completed in 4ms
4 timing config:load:defaults Completed in 3ms
5 timing config:load:file:C:\Program Files\nodejs\node_modules\npm\npmrc Completed in 161ms
6 timing config:load:builtin Completed in 162ms
7 timing config:load:cli Completed in 16ms
8 timing config:load:env Completed in 1ms
9 timing config:load:project Completed in 2ms
10 timing config:load:file:C:\Users\92102\.npmrc Completed in 8ms
11 timing config:load:user Completed in 9ms
12 timing config:load:file:C:\Users\92102\OneDrive - NTHU\桌面\大三下\畢業專題\程式碼\C：\Program Files\nodejs\node_globe\etc\npmrc Completed in 1ms
13 timing config:load:global Completed in 3ms
14 timing config:load:setEnvs Completed in 3ms
15 timing config:load Completed in 200ms
16 timing npm:load:configload Completed in 200ms
17 timing config:load:flatten Completed in 2ms
18 timing npm:load:mkdirpcache Completed in 2ms
19 timing npm:load:mkdirplogs Completed in 1ms
20 verbose title npm prefix
21 verbose argv "prefix" "--global"
22 timing npm:load:setTitle Completed in 1ms
23 timing npm:load:display Completed in 1ms
24 verbose logfile logs-max:10 dir:C:\Users\92102\OneDrive - NTHU\桌面\大三下\畢業專題\程式碼\C：\Program Files\nodejs\node_cache\_logs\2025-03-27T05_40_13_145Z-
25 verbose logfile C:\Users\92102\OneDrive - NTHU\桌面\大三下\畢業專題\程式碼\C：\Program Files\nodejs\node_cache\_logs\2025-03-27T05_40_13_145Z-debug-0.log
26 timing npm:load:logFile Completed in 9ms
27 timing npm:load:timers Completed in 1ms
28 timing npm:load:configScope Completed in 0ms
29 timing npm:load Completed in 325ms
30 timing command:prefix Completed in 2ms
31 verbose exit 0
32 timing npm Completed in 666ms
33 info ok
